running egg_info
writing ../../build/demon/demon.egg-info/PKG-INFO
writing dependency_links to ../../build/demon/demon.egg-info/dependency_links.txt
writing entry points to ../../build/demon/demon.egg-info/entry_points.txt
writing requirements to ../../build/demon/demon.egg-info/requires.txt
writing top-level names to ../../build/demon/demon.egg-info/top_level.txt
reading manifest file '../../build/demon/demon.egg-info/SOURCES.txt'
writing manifest file '../../build/demon/demon.egg-info/SOURCES.txt'
running build
running build_py
copying demon/listener.py -> /workspaces/deepstream/ros2_ws/build/demon/build/lib/demon
copying demon/talker.py -> /workspaces/deepstream/ros2_ws/build/demon/build/lib/demon
running install
running install_lib
copying /workspaces/deepstream/ros2_ws/build/demon/build/lib/demon/listener.py -> /workspaces/deepstream/ros2_ws/install/demon/lib/python3.10/site-packages/demon
copying /workspaces/deepstream/ros2_ws/build/demon/build/lib/demon/talker.py -> /workspaces/deepstream/ros2_ws/install/demon/lib/python3.10/site-packages/demon
byte-compiling /workspaces/deepstream/ros2_ws/install/demon/lib/python3.10/site-packages/demon/listener.py to listener.cpython-310.pyc
byte-compiling /workspaces/deepstream/ros2_ws/install/demon/lib/python3.10/site-packages/demon/talker.py to talker.cpython-310.pyc
running install_data
copying package.xml -> /workspaces/deepstream/ros2_ws/install/demon/share/demon
running install_egg_info
removing '/workspaces/deepstream/ros2_ws/install/demon/lib/python3.10/site-packages/demon-0.0.0-py3.10.egg-info' (and everything under it)
Copying ../../build/demon/demon.egg-info to /workspaces/deepstream/ros2_ws/install/demon/lib/python3.10/site-packages/demon-0.0.0-py3.10.egg-info
running install_scripts
Installing listener script to /workspaces/deepstream/ros2_ws/install/demon/lib/demon
Installing talker script to /workspaces/deepstream/ros2_ws/install/demon/lib/demon
writing list of installed files to '/workspaces/deepstream/ros2_ws/build/demon/install.log'
