[0.759s] Invoking command in '/workspaces/deepstream/ros2_ws/src/demon': PYTHONPATH=/workspaces/deepstream/ros2_ws/build/demon/prefix_override:/workspaces/deepstream/ros2_ws/install/demon/lib/python3.10/site-packages:${PYTHONPATH} /usr/bin/python3 setup.py egg_info --egg-base ../../build/demon build --build-base /workspaces/deepstream/ros2_ws/build/demon/build install --record /workspaces/deepstream/ros2_ws/build/demon/install.log --single-version-externally-managed
[0.975s] running egg_info
[0.976s] writing ../../build/demon/demon.egg-info/PKG-INFO
[0.976s] writing dependency_links to ../../build/demon/demon.egg-info/dependency_links.txt
[0.976s] writing entry points to ../../build/demon/demon.egg-info/entry_points.txt
[0.977s] writing requirements to ../../build/demon/demon.egg-info/requires.txt
[0.977s] writing top-level names to ../../build/demon/demon.egg-info/top_level.txt
[0.978s] reading manifest file '../../build/demon/demon.egg-info/SOURCES.txt'
[0.981s] writing manifest file '../../build/demon/demon.egg-info/SOURCES.txt'
[0.982s] running build
[0.982s] running build_py
[0.982s] copying demon/listener.py -> /workspaces/deepstream/ros2_ws/build/demon/build/lib/demon
[0.982s] copying demon/talker.py -> /workspaces/deepstream/ros2_ws/build/demon/build/lib/demon
[0.982s] running install
[0.983s] /usr/lib/python3/dist-packages/setuptools/command/install.py:34: SetuptoolsDeprecationWarning: setup.py install is deprecated. Use build and pip and other standards-based tools.
[0.983s]   warnings.warn(
[0.983s] running install_lib
[0.984s] copying /workspaces/deepstream/ros2_ws/build/demon/build/lib/demon/listener.py -> /workspaces/deepstream/ros2_ws/install/demon/lib/python3.10/site-packages/demon
[0.984s] copying /workspaces/deepstream/ros2_ws/build/demon/build/lib/demon/talker.py -> /workspaces/deepstream/ros2_ws/install/demon/lib/python3.10/site-packages/demon
[0.985s] byte-compiling /workspaces/deepstream/ros2_ws/install/demon/lib/python3.10/site-packages/demon/listener.py to listener.cpython-310.pyc
[0.985s] byte-compiling /workspaces/deepstream/ros2_ws/install/demon/lib/python3.10/site-packages/demon/talker.py to talker.cpython-310.pyc
[0.986s] running install_data
[0.986s] copying package.xml -> /workspaces/deepstream/ros2_ws/install/demon/share/demon
[0.987s] running install_egg_info
[0.988s] removing '/workspaces/deepstream/ros2_ws/install/demon/lib/python3.10/site-packages/demon-0.0.0-py3.10.egg-info' (and everything under it)
[0.989s] Copying ../../build/demon/demon.egg-info to /workspaces/deepstream/ros2_ws/install/demon/lib/python3.10/site-packages/demon-0.0.0-py3.10.egg-info
[0.992s] running install_scripts
[1.011s] Installing listener script to /workspaces/deepstream/ros2_ws/install/demon/lib/demon
[1.011s] Installing talker script to /workspaces/deepstream/ros2_ws/install/demon/lib/demon
[1.011s] writing list of installed files to '/workspaces/deepstream/ros2_ws/build/demon/install.log'
[1.031s] Invoked command in '/workspaces/deepstream/ros2_ws/src/demon' returned '0': PYTHONPATH=/workspaces/deepstream/ros2_ws/build/demon/prefix_override:/workspaces/deepstream/ros2_ws/install/demon/lib/python3.10/site-packages:${PYTHONPATH} /usr/bin/python3 setup.py egg_info --egg-base ../../build/demon build --build-base /workspaces/deepstream/ros2_ws/build/demon/build install --record /workspaces/deepstream/ros2_ws/build/demon/install.log --single-version-externally-managed
