[0.786s] Invoking command in '/workspaces/deepstream/ros2_ws/src/demon': PYTHONPATH=/workspaces/deepstream/ros2_ws/src/build/demon/prefix_override:/workspaces/deepstream/ros2_ws/src/install/demon/lib/python3.10/site-packages:${PYTHONPATH} /usr/bin/python3 setup.py egg_info --egg-base ../build/demon build --build-base /workspaces/deepstream/ros2_ws/src/build/demon/build install --record /workspaces/deepstream/ros2_ws/src/build/demon/install.log --single-version-externally-managed
[1.000s] running egg_info
[1.000s] creating ../build/demon/demon.egg-info
[1.000s] writing ../build/demon/demon.egg-info/PKG-INFO
[1.001s] writing dependency_links to ../build/demon/demon.egg-info/dependency_links.txt
[1.001s] writing entry points to ../build/demon/demon.egg-info/entry_points.txt
[1.001s] writing requirements to ../build/demon/demon.egg-info/requires.txt
[1.001s] writing top-level names to ../build/demon/demon.egg-info/top_level.txt
[1.002s] writing manifest file '../build/demon/demon.egg-info/SOURCES.txt'
[1.003s] reading manifest file '../build/demon/demon.egg-info/SOURCES.txt'
[1.003s] adding license file 'LICENSE'
[1.004s] writing manifest file '../build/demon/demon.egg-info/SOURCES.txt'
[1.004s] running build
[1.004s] running build_py
[1.004s] creating /workspaces/deepstream/ros2_ws/src/build/demon/build
[1.005s] creating /workspaces/deepstream/ros2_ws/src/build/demon/build/lib
[1.005s] creating /workspaces/deepstream/ros2_ws/src/build/demon/build/lib/demon
[1.005s] copying demon/__init__.py -> /workspaces/deepstream/ros2_ws/src/build/demon/build/lib/demon
[1.005s] running install
[1.005s] /usr/lib/python3/dist-packages/setuptools/command/install.py:34: SetuptoolsDeprecationWarning: setup.py install is deprecated. Use build and pip and other standards-based tools.
[1.005s]   warnings.warn(
[1.005s] running install_lib
[1.006s] creating /workspaces/deepstream/ros2_ws/src/install/demon/lib/python3.10/site-packages/demon
[1.006s] copying /workspaces/deepstream/ros2_ws/src/build/demon/build/lib/demon/__init__.py -> /workspaces/deepstream/ros2_ws/src/install/demon/lib/python3.10/site-packages/demon
[1.006s] byte-compiling /workspaces/deepstream/ros2_ws/src/install/demon/lib/python3.10/site-packages/demon/__init__.py to __init__.cpython-310.pyc
[1.007s] running install_data
[1.007s] creating /workspaces/deepstream/ros2_ws/src/install/demon/share/ament_index
[1.008s] creating /workspaces/deepstream/ros2_ws/src/install/demon/share/ament_index/resource_index
[1.008s] creating /workspaces/deepstream/ros2_ws/src/install/demon/share/ament_index/resource_index/packages
[1.008s] copying resource/demon -> /workspaces/deepstream/ros2_ws/src/install/demon/share/ament_index/resource_index/packages
[1.008s] copying package.xml -> /workspaces/deepstream/ros2_ws/src/install/demon/share/demon
[1.008s] running install_egg_info
[1.010s] Copying ../build/demon/demon.egg-info to /workspaces/deepstream/ros2_ws/src/install/demon/lib/python3.10/site-packages/demon-0.0.0-py3.10.egg-info
[1.011s] running install_scripts
[1.029s] writing list of installed files to '/workspaces/deepstream/ros2_ws/src/build/demon/install.log'
[1.048s] Invoked command in '/workspaces/deepstream/ros2_ws/src/demon' returned '0': PYTHONPATH=/workspaces/deepstream/ros2_ws/src/build/demon/prefix_override:/workspaces/deepstream/ros2_ws/src/install/demon/lib/python3.10/site-packages:${PYTHONPATH} /usr/bin/python3 setup.py egg_info --egg-base ../build/demon build --build-base /workspaces/deepstream/ros2_ws/src/build/demon/build install --record /workspaces/deepstream/ros2_ws/src/build/demon/install.log --single-version-externally-managed
