[1.138s] DEBUG:colcon:Command line arguments: ['/usr/bin/colcon', 'build', '--packages-select', 'demon']
[1.138s] DEBUG:colcon:Parsed command line arguments: Namespace(log_base=None, log_level=None, verb_name='build', build_base='build', install_base='install', merge_install=False, symlink_install=False, test_result_base=None, continue_on_error=False, executor='parallel', parallel_workers=4, event_handlers=None, ignore_user_meta=False, metas=['./colcon.meta'], base_paths=['.'], packages_ignore=None, packages_ignore_regex=None, paths=None, packages_up_to=None, packages_up_to_regex=None, packages_above=None, packages_above_and_dependencies=None, packages_above_depth=None, packages_select_by_dep=None, packages_skip_by_dep=None, packages_skip_up_to=None, packages_select_build_failed=False, packages_skip_build_finished=False, packages_select_test_failures=False, packages_skip_test_passed=False, packages_select=['demon'], packages_skip=None, packages_select_regex=None, packages_skip_regex=None, packages_start=None, packages_end=None, cmake_args=None, cmake_target=None, cmake_target_skip_unavailable=False, cmake_clean_cache=False, cmake_clean_first=False, cmake_force_configure=False, ament_cmake_args=None, catkin_cmake_args=None, catkin_skip_building_tests=False, mixin_files=None, mixin=None, verb_parser=<colcon_mixin.mixin.mixin_argument.MixinArgumentDecorator object at 0x7ff9aa252260>, verb_extension=<colcon_core.verb.build.BuildVerb object at 0x7ff9aa253940>, main=<bound method BuildVerb.main of <colcon_core.verb.build.BuildVerb object at 0x7ff9aa253940>>, mixin_verb=('build',))
[1.182s] Level 1:colcon.colcon_core.package_discovery:discover_packages(colcon_meta) check parameters
[1.183s] INFO:colcon.colcon_metadata.package_discovery.colcon_meta:Using configuration from '/root/.colcon/metadata/default/Gazebo.meta'
[1.183s] INFO:colcon.colcon_metadata.package_discovery.colcon_meta:Using configuration from '/root/.colcon/metadata/default/fastrtps.meta'
[1.184s] Level 1:colcon.colcon_core.package_discovery:discover_packages(recursive) check parameters
[1.184s] Level 1:colcon.colcon_core.package_discovery:discover_packages(ignore) check parameters
[1.184s] Level 1:colcon.colcon_core.package_discovery:discover_packages(path) check parameters
[1.184s] Level 1:colcon.colcon_core.package_discovery:discover_packages(colcon_meta) discover
[1.184s] Level 1:colcon.colcon_core.package_discovery:discover_packages(recursive) discover
[1.184s] INFO:colcon.colcon_core.package_discovery:Crawling recursively for packages in '/root/ros2_ws/src'
[1.184s] Level 1:colcon.colcon_core.package_identification:_identify(.) by extensions ['ignore', 'ignore_ament_install']
[1.184s] Level 1:colcon.colcon_core.package_identification:_identify(.) by extension 'ignore'
[1.184s] Level 1:colcon.colcon_core.package_identification:_identify(.) by extension 'ignore_ament_install'
[1.184s] Level 1:colcon.colcon_core.package_identification:_identify(.) by extensions ['colcon_pkg']
[1.184s] Level 1:colcon.colcon_core.package_identification:_identify(.) by extension 'colcon_pkg'
[1.184s] Level 1:colcon.colcon_core.package_identification:_identify(.) by extensions ['colcon_meta']
[1.184s] Level 1:colcon.colcon_core.package_identification:_identify(.) by extension 'colcon_meta'
[1.184s] Level 1:colcon.colcon_core.package_identification:_identify(.) by extensions ['ros']
[1.184s] Level 1:colcon.colcon_core.package_identification:_identify(.) by extension 'ros'
[1.195s] Level 1:colcon.colcon_core.package_identification:_identify(.) by extensions ['cmake', 'python']
[1.195s] Level 1:colcon.colcon_core.package_identification:_identify(.) by extension 'cmake'
[1.195s] Level 1:colcon.colcon_core.package_identification:_identify(.) by extension 'python'
[1.195s] Level 1:colcon.colcon_core.package_identification:_identify(.) by extensions ['python_setup_py']
[1.195s] Level 1:colcon.colcon_core.package_identification:_identify(.) by extension 'python_setup_py'
[1.195s] Level 1:colcon.colcon_core.package_identification:_identify(build) by extensions ['ignore', 'ignore_ament_install']
[1.195s] Level 1:colcon.colcon_core.package_identification:_identify(build) by extension 'ignore'
[1.195s] Level 1:colcon.colcon_core.package_identification:_identify(build) ignored
[1.195s] Level 1:colcon.colcon_core.package_identification:_identify(demon) by extensions ['ignore', 'ignore_ament_install']
[1.195s] Level 1:colcon.colcon_core.package_identification:_identify(demon) by extension 'ignore'
[1.195s] Level 1:colcon.colcon_core.package_identification:_identify(demon) by extension 'ignore_ament_install'
[1.195s] Level 1:colcon.colcon_core.package_identification:_identify(demon) by extensions ['colcon_pkg']
[1.196s] Level 1:colcon.colcon_core.package_identification:_identify(demon) by extension 'colcon_pkg'
[1.196s] Level 1:colcon.colcon_core.package_identification:_identify(demon) by extensions ['colcon_meta']
[1.196s] Level 1:colcon.colcon_core.package_identification:_identify(demon) by extension 'colcon_meta'
[1.196s] Level 1:colcon.colcon_core.package_identification:_identify(demon) by extensions ['ros']
[1.196s] Level 1:colcon.colcon_core.package_identification:_identify(demon) by extension 'ros'
[1.199s] DEBUG:colcon.colcon_core.package_identification:Package 'demon' with type 'ros.ament_python' and name 'demon'
[1.199s] Level 1:colcon.colcon_core.package_identification:_identify(install) by extensions ['ignore', 'ignore_ament_install']
[1.199s] Level 1:colcon.colcon_core.package_identification:_identify(install) by extension 'ignore'
[1.199s] Level 1:colcon.colcon_core.package_identification:_identify(install) ignored
[1.199s] Level 1:colcon.colcon_core.package_identification:_identify(log) by extensions ['ignore', 'ignore_ament_install']
[1.199s] Level 1:colcon.colcon_core.package_identification:_identify(log) by extension 'ignore'
[1.199s] Level 1:colcon.colcon_core.package_identification:_identify(log) ignored
[1.199s] Level 1:colcon.colcon_core.package_discovery:discover_packages(recursive) using defaults
[1.199s] Level 1:colcon.colcon_core.package_discovery:discover_packages(ignore) discover
[1.199s] Level 1:colcon.colcon_core.package_discovery:discover_packages(ignore) using defaults
[1.199s] Level 1:colcon.colcon_core.package_discovery:discover_packages(path) discover
[1.199s] Level 1:colcon.colcon_core.package_discovery:discover_packages(path) using defaults
[1.270s] Level 5:colcon.colcon_core.verb:set package 'demon' build argument 'cmake_args' from command line to 'None'
[1.270s] Level 5:colcon.colcon_core.verb:set package 'demon' build argument 'cmake_target' from command line to 'None'
[1.270s] Level 5:colcon.colcon_core.verb:set package 'demon' build argument 'cmake_target_skip_unavailable' from command line to 'False'
[1.270s] Level 5:colcon.colcon_core.verb:set package 'demon' build argument 'cmake_clean_cache' from command line to 'False'
[1.270s] Level 5:colcon.colcon_core.verb:set package 'demon' build argument 'cmake_clean_first' from command line to 'False'
[1.270s] Level 5:colcon.colcon_core.verb:set package 'demon' build argument 'cmake_force_configure' from command line to 'False'
[1.270s] Level 5:colcon.colcon_core.verb:set package 'demon' build argument 'ament_cmake_args' from command line to 'None'
[1.270s] Level 5:colcon.colcon_core.verb:set package 'demon' build argument 'catkin_cmake_args' from command line to 'None'
[1.270s] Level 5:colcon.colcon_core.verb:set package 'demon' build argument 'catkin_skip_building_tests' from command line to 'False'
[1.270s] DEBUG:colcon.colcon_core.verb:Building package 'demon' with the following arguments: {'ament_cmake_args': None, 'build_base': '/root/ros2_ws/src/build/demon', 'catkin_cmake_args': None, 'catkin_skip_building_tests': False, 'cmake_args': None, 'cmake_clean_cache': False, 'cmake_clean_first': False, 'cmake_force_configure': False, 'cmake_target': None, 'cmake_target_skip_unavailable': False, 'install_base': '/root/ros2_ws/src/install/demon', 'merge_install': False, 'path': '/root/ros2_ws/src/demon', 'symlink_install': False, 'test_result_base': None}
[1.283s] INFO:colcon.colcon_core.executor:Executing jobs using 'parallel' executor
[1.297s] DEBUG:colcon.colcon_parallel_executor.executor.parallel:run_until_complete
[1.297s] INFO:colcon.colcon_ros.task.ament_python.build:Building ROS package in '/root/ros2_ws/src/demon' with build type 'ament_python'
[1.297s] Level 1:colcon.colcon_core.shell:create_environment_hook('demon', 'ament_prefix_path')
[1.312s] INFO:colcon.colcon_core.plugin_system:Skipping extension 'colcon_core.shell.bat': Not used on non-Windows systems
[1.313s] INFO:colcon.colcon_core.shell:Creating environment hook '/root/ros2_ws/src/install/demon/share/demon/hook/ament_prefix_path.ps1'
[1.313s] INFO:colcon.colcon_core.shell:Creating environment descriptor '/root/ros2_ws/src/install/demon/share/demon/hook/ament_prefix_path.dsv'
[1.316s] INFO:colcon.colcon_core.shell:Creating environment hook '/root/ros2_ws/src/install/demon/share/demon/hook/ament_prefix_path.sh'
[1.332s] INFO:colcon.colcon_core.shell:Skip shell extension 'powershell' for command environment: Not usable outside of PowerShell
[1.332s] DEBUG:colcon.colcon_core.shell:Skip shell extension 'dsv' for command environment
[1.619s] INFO:colcon.colcon_core.task.python.build:Building Python package in '/root/ros2_ws/src/demon'
[1.633s] INFO:colcon.colcon_core.shell:Skip shell extension 'powershell' for command environment: Not usable outside of PowerShell
[1.633s] DEBUG:colcon.colcon_core.shell:Skip shell extension 'dsv' for command environment
[2.228s] DEBUG:colcon.colcon_core.event_handler.log_command:Invoking command in '/root/ros2_ws/src/demon': PYTHONPATH=/root/ros2_ws/src/build/demon/prefix_override:/root/ros2_ws/src/install/demon/lib/python3.10/site-packages:${PYTHONPATH} /usr/bin/python3 setup.py egg_info --egg-base ../build/demon build --build-base /root/ros2_ws/src/build/demon/build install --record /root/ros2_ws/src/build/demon/install.log --single-version-externally-managed
[2.491s] DEBUG:colcon.colcon_core.event_handler.log_command:Invoked command in '/root/ros2_ws/src/demon' returned '0': PYTHONPATH=/root/ros2_ws/src/build/demon/prefix_override:/root/ros2_ws/src/install/demon/lib/python3.10/site-packages:${PYTHONPATH} /usr/bin/python3 setup.py egg_info --egg-base ../build/demon build --build-base /root/ros2_ws/src/build/demon/build install --record /root/ros2_ws/src/build/demon/install.log --single-version-externally-managed
[2.524s] Level 1:colcon.colcon_core.environment:checking '/root/ros2_ws/src/install/demon' for CMake module files
[2.525s] Level 1:colcon.colcon_core.environment:checking '/root/ros2_ws/src/install/demon' for CMake config files
[2.525s] Level 1:colcon.colcon_core.environment:checking '/root/ros2_ws/src/install/demon/lib'
[2.525s] Level 1:colcon.colcon_core.environment:checking '/root/ros2_ws/src/install/demon/bin'
[2.526s] Level 1:colcon.colcon_core.environment:checking '/root/ros2_ws/src/install/demon/lib/pkgconfig/demon.pc'
[2.526s] Level 1:colcon.colcon_core.environment:checking '/root/ros2_ws/src/install/demon/lib/python3.10/site-packages'
[2.526s] Level 1:colcon.colcon_core.shell:create_environment_hook('demon', 'pythonpath')
[2.539s] INFO:colcon.colcon_core.shell:Creating environment hook '/root/ros2_ws/src/install/demon/share/demon/hook/pythonpath.ps1'
[2.540s] INFO:colcon.colcon_core.shell:Creating environment descriptor '/root/ros2_ws/src/install/demon/share/demon/hook/pythonpath.dsv'
[2.540s] INFO:colcon.colcon_core.shell:Creating environment hook '/root/ros2_ws/src/install/demon/share/demon/hook/pythonpath.sh'
[2.541s] Level 1:colcon.colcon_core.environment:checking '/root/ros2_ws/src/install/demon/bin'
[2.541s] Level 1:colcon.colcon_core.environment:create_environment_scripts_only(demon)
[2.554s] INFO:colcon.colcon_core.shell:Creating package script '/root/ros2_ws/src/install/demon/share/demon/package.ps1'
[2.555s] INFO:colcon.colcon_core.shell:Creating package descriptor '/root/ros2_ws/src/install/demon/share/demon/package.dsv'
[2.557s] INFO:colcon.colcon_core.shell:Creating package script '/root/ros2_ws/src/install/demon/share/demon/package.sh'
[2.558s] INFO:colcon.colcon_core.shell:Creating package script '/root/ros2_ws/src/install/demon/share/demon/package.bash'
[2.561s] INFO:colcon.colcon_core.shell:Creating package script '/root/ros2_ws/src/install/demon/share/demon/package.zsh'
[2.562s] Level 1:colcon.colcon_core.environment:create_file_with_runtime_dependencies(/root/ros2_ws/src/install/demon/share/colcon-core/packages/demon)
[2.562s] DEBUG:colcon.colcon_parallel_executor.executor.parallel:closing loop
[2.562s] DEBUG:colcon.colcon_parallel_executor.executor.parallel:loop closed
[2.562s] DEBUG:colcon.colcon_parallel_executor.executor.parallel:run_until_complete finished with '0'
[2.563s] DEBUG:colcon.colcon_core.event_reactor:joining thread
[2.581s] INFO:colcon.colcon_core.plugin_system:Skipping extension 'colcon_notification.desktop_notification.terminal_notifier': Not used on non-Darwin systems
[2.581s] INFO:colcon.colcon_core.plugin_system:Skipping extension 'colcon_notification.desktop_notification.win32': Not used on non-Windows systems
[2.581s] INFO:colcon.colcon_notification.desktop_notification:Sending desktop notification using 'notify2'
[2.588s] DEBUG:colcon.colcon_notification.desktop_notification.notify2:Failed to initialize notify2: org.freedesktop.DBus.Error.ServiceUnknown: The name org.freedesktop.Notifications was not provided by any .service files
[2.588s] DEBUG:colcon.colcon_core.event_reactor:joined thread
[2.602s] INFO:colcon.colcon_core.shell:Creating prefix script '/root/ros2_ws/src/install/local_setup.ps1'
[2.603s] INFO:colcon.colcon_core.shell:Creating prefix util module '/root/ros2_ws/src/install/_local_setup_util_ps1.py'
[2.604s] INFO:colcon.colcon_core.shell:Creating prefix chain script '/root/ros2_ws/src/install/setup.ps1'
[2.618s] INFO:colcon.colcon_core.shell:Creating prefix script '/root/ros2_ws/src/install/local_setup.sh'
[2.618s] INFO:colcon.colcon_core.shell:Creating prefix util module '/root/ros2_ws/src/install/_local_setup_util_sh.py'
[2.619s] INFO:colcon.colcon_core.shell:Creating prefix chain script '/root/ros2_ws/src/install/setup.sh'
[2.632s] INFO:colcon.colcon_core.shell:Creating prefix script '/root/ros2_ws/src/install/local_setup.bash'
[2.633s] INFO:colcon.colcon_core.shell:Creating prefix chain script '/root/ros2_ws/src/install/setup.bash'
[2.646s] INFO:colcon.colcon_core.shell:Creating prefix script '/root/ros2_ws/src/install/local_setup.zsh'
[2.647s] INFO:colcon.colcon_core.shell:Creating prefix chain script '/root/ros2_ws/src/install/setup.zsh'
