[0.931s] Invoking command in '/root/ros2_ws/src/demon': PYTHONPATH=/root/ros2_ws/src/build/demon/prefix_override:/root/ros2_ws/src/install/demon/lib/python3.10/site-packages:${PYTHONPATH} /usr/bin/python3 setup.py egg_info --egg-base ../build/demon build --build-base /root/ros2_ws/src/build/demon/build install --record /root/ros2_ws/src/build/demon/install.log --single-version-externally-managed
[1.146s] running egg_info
[1.147s] creating ../build/demon/demon.egg-info
[1.147s] writing ../build/demon/demon.egg-info/PKG-INFO
[1.147s] writing dependency_links to ../build/demon/demon.egg-info/dependency_links.txt
[1.147s] writing entry points to ../build/demon/demon.egg-info/entry_points.txt
[1.147s] writing requirements to ../build/demon/demon.egg-info/requires.txt
[1.148s] writing top-level names to ../build/demon/demon.egg-info/top_level.txt
[1.148s] writing manifest file '../build/demon/demon.egg-info/SOURCES.txt'
[1.149s] reading manifest file '../build/demon/demon.egg-info/SOURCES.txt'
[1.149s] adding license file 'LICENSE'
[1.150s] writing manifest file '../build/demon/demon.egg-info/SOURCES.txt'
[1.150s] running build
[1.150s] running build_py
[1.150s] creating /root/ros2_ws/src/build/demon/build
[1.151s] creating /root/ros2_ws/src/build/demon/build/lib
[1.151s] creating /root/ros2_ws/src/build/demon/build/lib/demon
[1.151s] copying demon/__init__.py -> /root/ros2_ws/src/build/demon/build/lib/demon
[1.151s] running install
[1.151s] /usr/lib/python3/dist-packages/setuptools/command/install.py:34: SetuptoolsDeprecationWarning: setup.py install is deprecated. Use build and pip and other standards-based tools.
[1.151s]   warnings.warn(
[1.151s] running install_lib
[1.152s] creating /root/ros2_ws/src/install/demon/lib/python3.10/site-packages/demon
[1.152s] copying /root/ros2_ws/src/build/demon/build/lib/demon/__init__.py -> /root/ros2_ws/src/install/demon/lib/python3.10/site-packages/demon
[1.153s] byte-compiling /root/ros2_ws/src/install/demon/lib/python3.10/site-packages/demon/__init__.py to __init__.cpython-310.pyc
[1.153s] running install_data
[1.154s] creating /root/ros2_ws/src/install/demon/share/ament_index
[1.154s] creating /root/ros2_ws/src/install/demon/share/ament_index/resource_index
[1.154s] creating /root/ros2_ws/src/install/demon/share/ament_index/resource_index/packages
[1.154s] copying resource/demon -> /root/ros2_ws/src/install/demon/share/ament_index/resource_index/packages
[1.154s] copying package.xml -> /root/ros2_ws/src/install/demon/share/demon
[1.154s] running install_egg_info
[1.156s] Copying ../build/demon/demon.egg-info to /root/ros2_ws/src/install/demon/lib/python3.10/site-packages/demon-0.0.0-py3.10.egg-info
[1.157s] running install_scripts
[1.175s] writing list of installed files to '/root/ros2_ws/src/build/demon/install.log'
[1.194s] Invoked command in '/root/ros2_ws/src/demon' returned '0': PYTHONPATH=/root/ros2_ws/src/build/demon/prefix_override:/root/ros2_ws/src/install/demon/lib/python3.10/site-packages:${PYTHONPATH} /usr/bin/python3 setup.py egg_info --egg-base ../build/demon build --build-base /root/ros2_ws/src/build/demon/build install --record /root/ros2_ws/src/build/demon/install.log --single-version-externally-managed
