running egg_info
writing ../../build/demon/demon.egg-info/PKG-INFO
writing dependency_links to ../../build/demon/demon.egg-info/dependency_links.txt
writing entry points to ../../build/demon/demon.egg-info/entry_points.txt
deleting ../../build/demon/demon.egg-info/requires.txt
writing top-level names to ../../build/demon/demon.egg-info/top_level.txt
reading manifest file '../../build/demon/demon.egg-info/SOURCES.txt'
writing manifest file '../../build/demon/demon.egg-info/SOURCES.txt'
running build
running build_py
running install
/usr/lib/python3/dist-packages/setuptools/command/install.py:34: SetuptoolsDeprecationWarning: setup.py install is deprecated. Use build and pip and other standards-based tools.
  warnings.warn(
running install_lib
running install_data
running install_egg_info
removing '/workspaces/deepstream/ros2_ws/install/demon/lib/python3.10/site-packages/demon-0.0.0-py3.10.egg-info' (and everything under it)
Copying ../../build/demon/demon.egg-info to /workspaces/deepstream/ros2_ws/install/demon/lib/python3.10/site-packages/demon-0.0.0-py3.10.egg-info
running install_scripts
writing list of installed files to '/workspaces/deepstream/ros2_ws/build/demon/install.log'
