[0.676s] Invoking command in '/workspaces/deepstream/ros2_ws/src/demon': PYTHONPATH=/workspaces/deepstream/ros2_ws/build/demon/prefix_override:/workspaces/deepstream/ros2_ws/install/demon/lib/python3.10/site-packages:${PYTHONPATH} /usr/bin/python3 setup.py egg_info --egg-base ../../build/demon build --build-base /workspaces/deepstream/ros2_ws/build/demon/build install --record /workspaces/deepstream/ros2_ws/build/demon/install.log --single-version-externally-managed
[0.889s] running egg_info
[0.889s] creating ../../build/demon/demon.egg-info
[0.889s] writing ../../build/demon/demon.egg-info/PKG-INFO
[0.890s] writing dependency_links to ../../build/demon/demon.egg-info/dependency_links.txt
[0.890s] writing entry points to ../../build/demon/demon.egg-info/entry_points.txt
[0.890s] writing requirements to ../../build/demon/demon.egg-info/requires.txt
[0.890s] writing top-level names to ../../build/demon/demon.egg-info/top_level.txt
[0.890s] writing manifest file '../../build/demon/demon.egg-info/SOURCES.txt'
[0.892s] reading manifest file '../../build/demon/demon.egg-info/SOURCES.txt'
[0.892s] writing manifest file '../../build/demon/demon.egg-info/SOURCES.txt'
[0.892s] running build
[0.893s] running build_py
[0.893s] creating /workspaces/deepstream/ros2_ws/build/demon/build
[0.893s] creating /workspaces/deepstream/ros2_ws/build/demon/build/lib
[0.893s] creating /workspaces/deepstream/ros2_ws/build/demon/build/lib/demon
[0.893s] copying demon/__init__.py -> /workspaces/deepstream/ros2_ws/build/demon/build/lib/demon
[0.893s] running install
[0.893s] /usr/lib/python3/dist-packages/setuptools/command/install.py:34: SetuptoolsDeprecationWarning: setup.py install is deprecated. Use build and pip and other standards-based tools.
[0.893s]   warnings.warn(
[0.894s] running install_lib
[0.894s] creating /workspaces/deepstream/ros2_ws/install/demon/lib/python3.10/site-packages/demon
[0.894s] copying /workspaces/deepstream/ros2_ws/build/demon/build/lib/demon/__init__.py -> /workspaces/deepstream/ros2_ws/install/demon/lib/python3.10/site-packages/demon
[0.895s] byte-compiling /workspaces/deepstream/ros2_ws/install/demon/lib/python3.10/site-packages/demon/__init__.py to __init__.cpython-310.pyc
[0.895s] running install_data
[0.896s] creating /workspaces/deepstream/ros2_ws/install/demon/share/ament_index
[0.896s] creating /workspaces/deepstream/ros2_ws/install/demon/share/ament_index/resource_index
[0.896s] creating /workspaces/deepstream/ros2_ws/install/demon/share/ament_index/resource_index/packages
[0.896s] copying resource/demon -> /workspaces/deepstream/ros2_ws/install/demon/share/ament_index/resource_index/packages
[0.896s] copying package.xml -> /workspaces/deepstream/ros2_ws/install/demon/share/demon
[0.896s] running install_egg_info
[0.898s] Copying ../../build/demon/demon.egg-info to /workspaces/deepstream/ros2_ws/install/demon/lib/python3.10/site-packages/demon-0.0.0-py3.10.egg-info
[0.899s] running install_scripts
[0.918s] writing list of installed files to '/workspaces/deepstream/ros2_ws/build/demon/install.log'
[0.938s] Invoked command in '/workspaces/deepstream/ros2_ws/src/demon' returned '0': PYTHONPATH=/workspaces/deepstream/ros2_ws/build/demon/prefix_override:/workspaces/deepstream/ros2_ws/install/demon/lib/python3.10/site-packages:${PYTHONPATH} /usr/bin/python3 setup.py egg_info --egg-base ../../build/demon build --build-base /workspaces/deepstream/ros2_ws/build/demon/build install --record /workspaces/deepstream/ros2_ws/build/demon/install.log --single-version-externally-managed
