[0.683s] Invoking command in '/workspaces/deepstream/ros2_ws/src/demon': PYTHONPATH=/workspaces/deepstream/ros2_ws/build/demon/prefix_override:/workspaces/deepstream/ros2_ws/install/demon/lib/python3.10/site-packages:${PYTHONPATH} /usr/bin/python3 setup.py egg_info --egg-base ../../build/demon build --build-base /workspaces/deepstream/ros2_ws/build/demon/build install --record /workspaces/deepstream/ros2_ws/build/demon/install.log --single-version-externally-managed
[0.895s] running egg_info
[0.896s] writing ../../build/demon/demon.egg-info/PKG-INFO
[0.896s] writing dependency_links to ../../build/demon/demon.egg-info/dependency_links.txt
[0.896s] writing entry points to ../../build/demon/demon.egg-info/entry_points.txt
[0.896s] writing requirements to ../../build/demon/demon.egg-info/requires.txt
[0.896s] writing top-level names to ../../build/demon/demon.egg-info/top_level.txt
[0.898s] reading manifest file '../../build/demon/demon.egg-info/SOURCES.txt'
[0.899s] writing manifest file '../../build/demon/demon.egg-info/SOURCES.txt'
[0.899s] running build
[0.899s] running build_py
[0.899s] running install
[0.899s] /usr/lib/python3/dist-packages/setuptools/command/install.py:34: SetuptoolsDeprecationWarning: setup.py install is deprecated. Use build and pip and other standards-based tools.
[0.900s]   warnings.warn(
[0.900s] running install_lib
[0.901s] running install_data
[0.902s] running install_egg_info
[0.903s] removing '/workspaces/deepstream/ros2_ws/install/demon/lib/python3.10/site-packages/demon-0.0.0-py3.10.egg-info' (and everything under it)
[0.904s] Copying ../../build/demon/demon.egg-info to /workspaces/deepstream/ros2_ws/install/demon/lib/python3.10/site-packages/demon-0.0.0-py3.10.egg-info
[0.905s] running install_scripts
[0.923s] writing list of installed files to '/workspaces/deepstream/ros2_ws/build/demon/install.log'
[0.940s] Invoked command in '/workspaces/deepstream/ros2_ws/src/demon' returned '0': PYTHONPATH=/workspaces/deepstream/ros2_ws/build/demon/prefix_override:/workspaces/deepstream/ros2_ws/install/demon/lib/python3.10/site-packages:${PYTHONPATH} /usr/bin/python3 setup.py egg_info --egg-base ../../build/demon build --build-base /workspaces/deepstream/ros2_ws/build/demon/build install --record /workspaces/deepstream/ros2_ws/build/demon/install.log --single-version-externally-managed
